<?xml version="1.0" encoding="UTF-8"?>
<coverage generated="1759886855194" clover="3.2.0">
  <project timestamp="1759886855194" name="All files">
    <metrics statements="8" coveredstatements="8" conditionals="10" coveredconditionals="10" methods="1" coveredmethods="1" elements="19" coveredelements="19" complexity="0" loc="8" ncloc="8" packages="1" files="1" classes="1"/>
    <file name="imcCalculator.ts" path="C:\Users\YARF\Downloads\demo (5)\2025\projetoA\calculadora-imc\src\imcCalculator.ts">
      <metrics statements="8" coveredstatements="8" conditionals="10" coveredconditionals="10" methods="1" coveredmethods="1"/>
      <line num="1" count="1" type="stmt"/>
      <line num="3" count="6" type="cond" truecount="4" falsecount="0"/>
      <line num="4" count="2" type="stmt"/>
      <line num="7" count="4" type="stmt"/>
      <line num="9" count="4" type="cond" truecount="2" falsecount="0"/>
      <line num="10" count="3" type="cond" truecount="2" falsecount="0"/>
      <line num="11" count="2" type="cond" truecount="2" falsecount="0"/>
      <line num="12" count="1" type="stmt"/>
    </file>
  </project>
</coverage>
